<?xml version="1.0" encoding="UTF-8"?>
<testsuite name="io.hhplus.tdd.point.PointIntegrationTest" tests="1" skipped="0" failures="0" errors="0" timestamp="2025-03-27T14:11:02" hostname="hanseog-yeong-ui-MacBookAir.local" time="1.009">
  <properties/>
  <testcase name="id 포인트 수정 이력 조회 성공" classname="io.hhplus.tdd.point.PointIntegrationTest" time="1.009"/>
  <system-out><![CDATA[]]></system-out>
  <system-err><![CDATA[]]></system-err>
</testsuite>
